{"name": "Отправка документа, с флагом ОТВЕТНАЯ ПОДПИСЬ", "status": "broken", "statusDetails": {"message": "selenium.common.exceptions.StaleElementReferenceException: Message: stale element reference: element is not attached to the page document\n  (Session info: chrome=101.0.4951.67)\nStacktrace:\nBacktrace:\n\tOrdinal0 [0x004DB8F3+2406643]\n\tOrdinal0 [0x0046AF31+1945393]\n\tOrdinal0 [0x0035C748+837448]\n\tOrdinal0 [0x0035F154+848212]\n\tOrdinal0 [0x0035F012+847890]\n\tOrdinal0 [0x0035F2A0+848544]\n\tOrdinal0 [0x0038D36E+1037166]\n\tOrdinal0 [0x0038B6DB+1029851]\n\tOrdinal0 [0x0038A439+1025081]\n\tOrdinal0 [0x00380083+983171]\n\tOrdinal0 [0x003A427C+1131132]\n\tOrdinal0 [0x0037FA64+981604]\n\tOrdinal0 [0x003A4494+1131668]\n\tOrdinal0 [0x003B4682+1197698]\n\tOrdinal0 [0x003A4096+1130646]\n\tOrdinal0 [0x0037E636+976438]\n\tOrdinal0 [0x0037F546+980294]\n\tGetHandleVerifier [0x00749612+2498066]\n\tGetHandleVerifier [0x0073C920+2445600]\n\tGetHandleVerifier [0x00574F2A+579370]\n\tGetHandleVerifier [0x00573D36+574774]\n\tOrdinal0 [0x00471C0B+1973259]\n\tOrdinal0 [0x00476688+1992328]\n\tOrdinal0 [0x00476775+1992565]\n\tOrdinal0 [0x0047F8D1+2029777]\n\tBaseThreadInitThunk [0x7659FA29+25]\n\tRtlGetAppContainerNamedObjectPath [0x77B47A9E+286]\n\tRtlGetAppContainerNamedObjectPath [0x77B47A6E+238]\n\n", "trace": "  File \"D:\\EDOTest\\venv\\lib\\site-packages\\behave\\model.py\", line 1329, in run\n    match.run(runner.context)\n  File \"D:\\EDOTest\\venv\\lib\\site-packages\\behave\\matchers.py\", line 98, in run\n    self.func(context, *args, **kwargs)\n  File \"features\\steps\\document_page_steps.py\", line 81, in remove_recipient_check_status\n    ctx.pages.base.click(DocumentPageLocators.TAKING_AGENT)\n  File \"D:\\EDOTest\\features\\pages\\base_page.py\", line 62, in click\n    ec.element_to_be_clickable(locator)).click()\n  File \"D:\\EDOTest\\venv\\lib\\site-packages\\selenium\\webdriver\\remote\\webelement.py\", line 81, in click\n    self._execute(Command.CLICK_ELEMENT)\n  File \"D:\\EDOTest\\venv\\lib\\site-packages\\selenium\\webdriver\\remote\\webelement.py\", line 710, in _execute\n    return self._parent.execute(command, params)\n  File \"D:\\EDOTest\\venv\\lib\\site-packages\\selenium\\webdriver\\remote\\webdriver.py\", line 425, in execute\n    self.error_handler.check_response(response)\n  File \"D:\\EDOTest\\venv\\lib\\site-packages\\selenium\\webdriver\\remote\\errorhandler.py\", line 247, in check_response\n    raise exception_class(message, screen, stacktrace)\n"}, "steps": [{"name": "Given Переходим в реестр Черновики", "status": "passed", "start": 1653924318488, "stop": 1653924320864}, {"name": "When Выбираем документ", "status": "passed", "start": 1653924320864, "stop": 1653924329462}, {"name": "And Проверяем визуализацию", "status": "passed", "start": 1653924329462, "stop": 1653924334895}, {"name": "When Выбираем получателя, статус документа \"Готов к отправке\"", "status": "passed", "start": 1653924334895, "stop": 1653924339798}, {"name": "And Убираем получателя \"Получатели (1)\",статус документа Отсутствует получатель", "status": "broken", "statusDetails": {"message": "selenium.common.exceptions.StaleElementReferenceException: Message: stale element reference: element is not attached to the page document\n  (Session info: chrome=101.0.4951.67)\nStacktrace:\nBacktrace:\n\tOrdinal0 [0x004DB8F3+2406643]\n\tOrdinal0 [0x0046AF31+1945393]\n\tOrdinal0 [0x0035C748+837448]\n\tOrdinal0 [0x0035F154+848212]\n\tOrdinal0 [0x0035F012+847890]\n\tOrdinal0 [0x0035F2A0+848544]\n\tOrdinal0 [0x0038D36E+1037166]\n\tOrdinal0 [0x0038B6DB+1029851]\n\tOrdinal0 [0x0038A439+1025081]\n\tOrdinal0 [0x00380083+983171]\n\tOrdinal0 [0x003A427C+1131132]\n\tOrdinal0 [0x0037FA64+981604]\n\tOrdinal0 [0x003A4494+1131668]\n\tOrdinal0 [0x003B4682+1197698]\n\tOrdinal0 [0x003A4096+1130646]\n\tOrdinal0 [0x0037E636+976438]\n\tOrdinal0 [0x0037F546+980294]\n\tGetHandleVerifier [0x00749612+2498066]\n\tGetHandleVerifier [0x0073C920+2445600]\n\tGetHandleVerifier [0x00574F2A+579370]\n\tGetHandleVerifier [0x00573D36+574774]\n\tOrdinal0 [0x00471C0B+1973259]\n\tOrdinal0 [0x00476688+1992328]\n\tOrdinal0 [0x00476775+1992565]\n\tOrdinal0 [0x0047F8D1+2029777]\n\tBaseThreadInitThunk [0x7659FA29+25]\n\tRtlGetAppContainerNamedObjectPath [0x77B47A9E+286]\n\tRtlGetAppContainerNamedObjectPath [0x77B47A6E+238]\n\n", "trace": "  File \"D:\\EDOTest\\venv\\lib\\site-packages\\behave\\model.py\", line 1329, in run\n    match.run(runner.context)\n  File \"D:\\EDOTest\\venv\\lib\\site-packages\\behave\\matchers.py\", line 98, in run\n    self.func(context, *args, **kwargs)\n  File \"features\\steps\\document_page_steps.py\", line 81, in remove_recipient_check_status\n    ctx.pages.base.click(DocumentPageLocators.TAKING_AGENT)\n  File \"D:\\EDOTest\\features\\pages\\base_page.py\", line 62, in click\n    ec.element_to_be_clickable(locator)).click()\n  File \"D:\\EDOTest\\venv\\lib\\site-packages\\selenium\\webdriver\\remote\\webelement.py\", line 81, in click\n    self._execute(Command.CLICK_ELEMENT)\n  File \"D:\\EDOTest\\venv\\lib\\site-packages\\selenium\\webdriver\\remote\\webelement.py\", line 710, in _execute\n    return self._parent.execute(command, params)\n  File \"D:\\EDOTest\\venv\\lib\\site-packages\\selenium\\webdriver\\remote\\webdriver.py\", line 425, in execute\n    self.error_handler.check_response(response)\n  File \"D:\\EDOTest\\venv\\lib\\site-packages\\selenium\\webdriver\\remote\\errorhandler.py\", line 247, in check_response\n    raise exception_class(message, screen, stacktrace)\n"}, "start": 1653924339798, "stop": 1653924344693}, {"name": "When Выбираем получателя, статус документа \"Готов к отправке\"", "status": "skipped", "start": 1653924349487, "stop": 1653924349487}, {"name": "Then Устанавливаем флаг Ответная подпись", "status": "skipped", "start": 1653924349487, "stop": 1653924349487}, {"name": "Then Отправляем документ", "status": "skipped", "start": 1653924349487, "stop": 1653924349487}, {"name": "And Открылась форма подтверждения Подтвердить и жмем Подтвердить", "status": "skipped", "start": 1653924349487, "stop": 1653924349487}, {"name": "And Статус документа в черновиках \"Подписывается\"", "status": "skipped", "start": 1653924349487, "stop": 1653924349487}, {"name": "Then Появляется всплывающее сообщение", "status": "skipped", "start": 1653924349487, "stop": 1653924349487}], "start": 1653924305945, "stop": 1653924349487, "uuid": "bd62f9bb-5c7b-48b8-8b81-d35db1607116", "historyId": "bfffa4ff00e9520a763494afd5e36dac", "fullName": "Документ типа Неформализованный: Отправка документа, с флагом ОТВЕТНАЯ ПОДПИСЬ", "labels": [{"name": "severity", "value": "normal"}, {"name": "tag", "value": "fixture.browser.chrome"}, {"name": "tag", "value": "flag_on_accept"}, {"name": "tag", "value": "flag_on_decline"}, {"name": "tag", "value": "flag_on_with_accept_cancel_recipient"}, {"name": "tag", "value": "flag_on_with_accept_cancel_sender"}, {"name": "tag", "value": "flag_on_with_decline_cancel_recipient"}, {"name": "tag", "value": "flag_on_with_decline_cancel_sender"}, {"name": "feature", "value": "Документ типа Неформализованный"}, {"name": "framework", "value": "behave"}, {"name": "language", "value": "cpython3"}]}